# JRE version: Java(TM) SE Runtime Environment (8.0_111-b14) (build 1.8.0_111-b14)
# Java VM: Java HotSpot(TM) 64-Bit Server VM (25.111-b14 mixed mode windows-amd64 compressed oops)
Heap:
 PSYoungGen      total 186880K, used 30616K [0x00000000e0180000, 0x00000000ec980000, 0x0000000100000000)
  eden space 175104K, 10% used [0x00000000e0180000,0x00000000e13ea3b8,0x00000000eac80000)
  from space 11776K, 99% used [0x00000000eba00000,0x00000000ec57c030,0x00000000ec580000)
  to   space 13824K, 0% used [0x00000000eac80000,0x00000000eac80000,0x00000000eba00000)
 ParOldGen       total 48128K, used 14222K [0x00000000a0400000, 0x00000000a3300000, 0x00000000e0180000)
  object space 48128K, 29% used [0x00000000a0400000,0x00000000a11e38a0,0x00000000a3300000)
 Metaspace       used 31565K, capacity 32092K, committed 32256K, reserved 1077248K
  class space    used 3858K, capacity 3971K, committed 4096K, reserved 1048576K
GC Heap History (10 events):
Event: 3.962 GC heap before
{Heap before GC invocations=5 (full 0):
 PSYoungGen      total 53248K, used 53216K [0x00000000e0180000, 0x00000000e3980000, 0x0000000100000000)
  eden space 49152K, 100% used [0x00000000e0180000,0x00000000e3180000,0x00000000e3180000)
  from space 4096K, 99% used [0x00000000e3580000,0x00000000e3978020,0x00000000e3980000)
  to   space 4096K, 0% used [0x00000000e3180000,0x00000000e3180000,0x00000000e3580000)
 ParOldGen       total 65536K, used 9289K [0x00000000a0400000, 0x00000000a4400000, 0x00000000e0180000)
  object space 65536K, 14% used [0x00000000a0400000,0x00000000a0d12620,0x00000000a4400000)
 Metaspace       used 20313K, capacity 20552K, committed 20864K, reserved 1067008K
  class space    used 2461K, capacity 2573K, committed 2688K, reserved 1048576K
Event: 4.057 GC heap after
Heap after GC invocations=5 (full 0):
 PSYoungGen      total 53248K, used 4064K [0x00000000e0180000, 0x00000000e7580000, 0x0000000100000000)
  eden space 49152K, 0% used [0x00000000e0180000,0x00000000e0180000,0x00000000e3180000)
  from space 4096K, 99% used [0x00000000e3180000,0x00000000e3578040,0x00000000e3580000)
  to   space 10240K, 0% used [0x00000000e6b80000,0x00000000e6b80000,0x00000000e7580000)
 ParOldGen       total 65536K, used 13475K [0x00000000a0400000, 0x00000000a4400000, 0x00000000e0180000)
  object space 65536K, 20% used [0x00000000a0400000,0x00000000a1128fb8,0x00000000a4400000)
 Metaspace       used 20313K, capacity 20552K, committed 20864K, reserved 1067008K
  class space    used 2461K, capacity 2573K, committed 2688K, reserved 1048576K
}
Event: 4.219 GC heap before
{Heap before GC invocations=6 (full 0):
 PSYoungGen      total 53248K, used 12724K [0x00000000e0180000, 0x00000000e7580000, 0x0000000100000000)
  eden space 49152K, 17% used [0x00000000e0180000,0x00000000e09f51a8,0x00000000e3180000)
  from space 4096K, 99% used [0x00000000e3180000,0x00000000e3578040,0x00000000e3580000)
  to   space 10240K, 0% used [0x00000000e6b80000,0x00000000e6b80000,0x00000000e7580000)
 ParOldGen       total 65536K, used 13475K [0x00000000a0400000, 0x00000000a4400000, 0x00000000e0180000)
  object space 65536K, 20% used [0x00000000a0400000,0x00000000a1128fb8,0x00000000a4400000)
 Metaspace       used 20938K, capacity 21230K, committed 21296K, reserved 1069056K
  class space    used 2556K, capacity 2670K, committed 2688K, reserved 1048576K
Event: 4.228 GC heap after
Heap after GC invocations=6 (full 0):
 PSYoungGen      total 108544K, used 5217K [0x00000000e0180000, 0x00000000e7580000, 0x0000000100000000)
  eden space 98304K, 0% used [0x00000000e0180000,0x00000000e0180000,0x00000000e6180000)
  from space 10240K, 50% used [0x00000000e6b80000,0x00000000e70986c8,0x00000000e7580000)
  to   space 10240K, 0% used [0x00000000e6180000,0x00000000e6180000,0x00000000e6b80000)
 ParOldGen       total 65536K, used 13483K [0x00000000a0400000, 0x00000000a4400000, 0x00000000e0180000)
  object space 65536K, 20% used [0x00000000a0400000,0x00000000a112afb8,0x00000000a4400000)
 Metaspace       used 20938K, capacity 21230K, committed 21296K, reserved 1069056K
  class space    used 2556K, capacity 2670K, committed 2688K, reserved 1048576K
}
Event: 4.228 GC heap before
{Heap before GC invocations=7 (full 1):
 PSYoungGen      total 108544K, used 5217K [0x00000000e0180000, 0x00000000e7580000, 0x0000000100000000)
  eden space 98304K, 0% used [0x00000000e0180000,0x00000000e0180000,0x00000000e6180000)
  from space 10240K, 50% used [0x00000000e6b80000,0x00000000e70986c8,0x00000000e7580000)
  to   space 10240K, 0% used [0x00000000e6180000,0x00000000e6180000,0x00000000e6b80000)
 ParOldGen       total 65536K, used 13483K [0x00000000a0400000, 0x00000000a4400000, 0x00000000e0180000)
  object space 65536K, 20% used [0x00000000a0400000,0x00000000a112afb8,0x00000000a4400000)
 Metaspace       used 20938K, capacity 21230K, committed 21296K, reserved 1069056K
  class space    used 2556K, capacity 2670K, committed 2688K, reserved 1048576K
Event: 4.285 GC heap after
Heap after GC invocations=7 (full 1):
 PSYoungGen      total 108544K, used 0K [0x00000000e0180000, 0x00000000e7580000, 0x0000000100000000)
  eden space 98304K, 0% used [0x00000000e0180000,0x00000000e0180000,0x00000000e6180000)
  from space 10240K, 0% used [0x00000000e6b80000,0x00000000e6b80000,0x00000000e7580000)
  to   space 10240K, 0% used [0x00000000e6180000,0x00000000e6180000,0x00000000e6b80000)
 ParOldGen       total 48128K, used 12947K [0x00000000a0400000, 0x00000000a3300000, 0x00000000e0180000)
  object space 48128K, 26% used [0x00000000a0400000,0x00000000a10a4c00,0x00000000a3300000)
 Metaspace       used 20938K, capacity 21230K, committed 21296K, reserved 1069056K
  class space    used 2556K, capacity 2670K, committed 2688K, reserved 1048576K
}
Event: 7.869 GC heap before
{Heap before GC invocations=8 (full 1):
 PSYoungGen      total 108544K, used 98304K [0x00000000e0180000, 0x00000000e7580000, 0x0000000100000000)
  eden space 98304K, 100% used [0x00000000e0180000,0x00000000e6180000,0x00000000e6180000)
  from space 10240K, 0% used [0x00000000e6b80000,0x00000000e6b80000,0x00000000e7580000)
  to   space 10240K, 0% used [0x00000000e6180000,0x00000000e6180000,0x00000000e6b80000)
 ParOldGen       total 48128K, used 12947K [0x00000000a0400000, 0x00000000a3300000, 0x00000000e0180000)
  object space 48128K, 26% used [0x00000000a0400000,0x00000000a10a4c00,0x00000000a3300000)
 Metaspace       used 27884K, capacity 28202K, committed 28416K, reserved 1075200K
  class space    used 3405K, capacity 3512K, committed 3584K, reserved 1048576K
Event: 7.890 GC heap after
Heap after GC invocations=8 (full 1):
 PSYoungGen      total 108544K, used 10135K [0x00000000e0180000, 0x00000000ec580000, 0x0000000100000000)
  eden space 98304K, 0% used [0x00000000e0180000,0x00000000e0180000,0x00000000e6180000)
  from space 10240K, 98% used [0x00000000e6180000,0x00000000e6b65e10,0x00000000e6b80000)
  to   space 11776K, 0% used [0x00000000eba00000,0x00000000eba00000,0x00000000ec580000)
 ParOldGen       total 48128K, used 12955K [0x00000000a0400000, 0x00000000a3300000, 0x00000000e0180000)
  object space 48128K, 26% used [0x00000000a0400000,0x00000000a10a6c00,0x00000000a3300000)
 Metaspace       used 27884K, capacity 28202K, committed 28416K, reserved 1075200K
  class space    used 3405K, capacity 3512K, committed 3584K, reserved 1048576K
}
Event: 9.919 GC heap before
{Heap before GC invocations=9 (full 1):
 PSYoungGen      total 108544K, used 108439K [0x00000000e0180000, 0x00000000ec580000, 0x0000000100000000)
  eden space 98304K, 100% used [0x00000000e0180000,0x00000000e6180000,0x00000000e6180000)
  from space 10240K, 98% used [0x00000000e6180000,0x00000000e6b65e10,0x00000000e6b80000)
  to   space 11776K, 0% used [0x00000000eba00000,0x00000000eba00000,0x00000000ec580000)
 ParOldGen       total 48128K, used 12955K [0x00000000a0400000, 0x00000000a3300000, 0x00000000e0180000)
  object space 48128K, 26% used [0x00000000a0400000,0x00000000a10a6c00,0x00000000a3300000)
 Metaspace       used 30326K, capacity 30818K, committed 31104K, reserved 1077248K
  class space    used 3712K, capacity 3848K, committed 3968K, reserved 1048576K
Event: 10.043 GC heap after
Heap after GC invocations=9 (full 1):
 PSYoungGen      total 186880K, used 11760K [0x00000000e0180000, 0x00000000ec980000, 0x0000000100000000)
  eden space 175104K, 0% used [0x00000000e0180000,0x00000000e0180000,0x00000000eac80000)
  from space 11776K, 99% used [0x00000000eba00000,0x00000000ec57c030,0x00000000ec580000)
  to   space 13824K, 0% used [0x00000000eac80000,0x00000000eac80000,0x00000000eba00000)
 ParOldGen       total 48128K, used 14222K [0x00000000a0400000, 0x00000000a3300000, 0x00000000e0180000)
  object space 48128K, 29% used [0x00000000a0400000,0x00000000a11e38a0,0x00000000a3300000)
 Metaspace       used 30326K, capacity 30818K, committed 31104K, reserved 1077248K
  class space    used 3712K, capacity 3848K, committed 3968K, reserved 1048576K
}

